<?xml version="1.0" encoding="UTF-8"?>
<testsuite name="edu.gatech.seclass.sdpencryptor.ExampleUnitTest" tests="1" skipped="0" failures="0" errors="0" timestamp="2022-09-12T05:21:23" hostname="G3QGDW9W96" time="0.002">
  <properties/>
  <testcase name="addition_isCorrect" classname="edu.gatech.seclass.sdpencryptor.ExampleUnitTest" time="0.002"/>
  <system-out><![CDATA[]]></system-out>
  <system-err><![CDATA[]]></system-err>
</testsuite>
